# JRE version: Java(TM) SE Runtime Environment 18.9 (11.0.21+9) (build 11.0.21+9-LTS-193)
# Java VM: Java HotSpot(TM) 64-Bit Server VM 18.9 (11.0.21+9-LTS-193, mixed mode, tiered, compressed oops, g1 gc, windows-amd64)
Heap:
 garbage-first heap   total 131072K, used 16261K [0x0000000081e00000, 0x0000000100000000)
  region size 1024K, 12 young (12288K), 4 survivors (4096K)
 Metaspace       used 37416K, capacity 37987K, committed 38144K, reserved 1083392K
  class space    used 4648K, capacity 4854K, committed 4864K, reserved 1048576K
GC Heap History (10 events):
Event: 1.536 GC heap before
{Heap before GC invocations=0 (full 0):
 garbage-first heap   total 131072K, used 15360K [0x0000000081e00000, 0x0000000100000000)
  region size 1024K, 14 young (14336K), 0 survivors (0K)
 Metaspace       used 11911K, capacity 12162K, committed 12288K, reserved 1060864K
  class space    used 1164K, capacity 1245K, committed 1280K, reserved 1048576K
}
Event: 1.544 GC heap after
{Heap after GC invocations=1 (full 0):
 garbage-first heap   total 131072K, used 4296K [0x0000000081e00000, 0x0000000100000000)
  region size 1024K, 2 young (2048K), 2 survivors (2048K)
 Metaspace       used 11911K, capacity 12162K, committed 12288K, reserved 1060864K
  class space    used 1164K, capacity 1245K, committed 1280K, reserved 1048576K
}
Event: 2.230 GC heap before
{Heap before GC invocations=1 (full 0):
 garbage-first heap   total 131072K, used 16584K [0x0000000081e00000, 0x0000000100000000)
  region size 1024K, 14 young (14336K), 2 survivors (2048K)
 Metaspace       used 15629K, capacity 15907K, committed 16128K, reserved 1062912K
  class space    used 1671K, capacity 1769K, committed 1792K, reserved 1048576K
}
Event: 2.236 GC heap after
{Heap after GC invocations=2 (full 0):
 garbage-first heap   total 131072K, used 5239K [0x0000000081e00000, 0x0000000100000000)
  region size 1024K, 1 young (1024K), 1 survivors (1024K)
 Metaspace       used 15629K, capacity 15907K, committed 16128K, reserved 1062912K
  class space    used 1671K, capacity 1769K, committed 1792K, reserved 1048576K
}
Event: 3.345 GC heap before
{Heap before GC invocations=2 (full 0):
 garbage-first heap   total 131072K, used 15479K [0x0000000081e00000, 0x0000000100000000)
  region size 1024K, 12 young (12288K), 1 survivors (1024K)
 Metaspace       used 20812K, capacity 21164K, committed 21248K, reserved 1069056K
  class space    used 2398K, capacity 2522K, committed 2560K, reserved 1048576K
}
Event: 3.349 GC heap after
{Heap after GC invocations=3 (full 0):
 garbage-first heap   total 131072K, used 6191K [0x0000000081e00000, 0x0000000100000000)
  region size 1024K, 2 young (2048K), 2 survivors (2048K)
 Metaspace       used 20812K, capacity 21164K, committed 21248K, reserved 1069056K
  class space    used 2398K, capacity 2522K, committed 2560K, reserved 1048576K
}
Event: 6.690 GC heap before
{Heap before GC invocations=4 (full 0):
 garbage-first heap   total 131072K, used 41007K [0x0000000081e00000, 0x0000000100000000)
  region size 1024K, 36 young (36864K), 2 survivors (2048K)
 Metaspace       used 31583K, capacity 32040K, committed 32256K, reserved 1077248K
  class space    used 3874K, capacity 4062K, committed 4096K, reserved 1048576K
}
Event: 6.700 GC heap after
{Heap after GC invocations=5 (full 0):
 garbage-first heap   total 131072K, used 8392K [0x0000000081e00000, 0x0000000100000000)
  region size 1024K, 4 young (4096K), 4 survivors (4096K)
 Metaspace       used 31583K, capacity 32040K, committed 32256K, reserved 1077248K
  class space    used 3874K, capacity 4062K, committed 4096K, reserved 1048576K
}
Event: 8.113 GC heap before
{Heap before GC invocations=5 (full 0):
 garbage-first heap   total 131072K, used 22728K [0x0000000081e00000, 0x0000000100000000)
  region size 1024K, 19 young (19456K), 4 survivors (4096K)
 Metaspace       used 35335K, capacity 35780K, committed 35840K, reserved 1081344K
  class space    used 4387K, capacity 4580K, committed 4608K, reserved 1048576K
}
Event: 8.123 GC heap after
{Heap after GC invocations=6 (full 0):
 garbage-first heap   total 131072K, used 9093K [0x0000000081e00000, 0x0000000100000000)
  region size 1024K, 4 young (4096K), 4 survivors (4096K)
 Metaspace       used 35335K, capacity 35780K, committed 35840K, reserved 1081344K
  class space    used 4387K, capacity 4580K, committed 4608K, reserved 1048576K
}

